Logfile initialized
[INFO] logfile = /home/jfreeman/IDEs/Titanium Studio Workspace/Granny/build.log
[DEBUG] /home/jfreeman/.titanium/mobilesdk/linux/1.8.0.1/android/builder.py install Granny /home/jfreeman/IDEs/android-sdk-linux /home/jfreeman/IDEs/Titanium Studio Workspace/Granny com.bcm.granny 17
[INFO] Titanium SDK version: 1.8.0.1 (12/22/11 13:09 fbdc96f)
[DEBUG] Waiting for device to be ready ...
[TRACE] adb devices returned 1 devices/emulators
[DEBUG] Device connected... (waited 0 seconds)
[DEBUG] waited 0.002923 seconds on emulator to get ready
[DEBUG] com.bcm.granny installed? False
[INFO] Copying project resources..
[TRACE] COPYING MODIFIED FILE: /home/jfreeman/IDEs/Titanium Studio Workspace/Granny/Resources/sub/singleview.js => /home/jfreeman/IDEs/Titanium Studio Workspace/Granny/build/android/bin/assets/Resources/sub/singleview.js
[TRACE] COPYING MODIFIED FILE: /home/jfreeman/IDEs/Titanium Studio Workspace/Granny/Resources/functions.js => /home/jfreeman/IDEs/Titanium Studio Workspace/Granny/build/android/bin/assets/Resources/functions.js
[TRACE] Generating Java Classes
[DEBUG] Processing Android resource drawables
[DEBUG] copying app icon: /home/jfreeman/IDEs/Titanium Studio Workspace/Granny/build/android/bin/assets/Resources/appicon.png
[DEBUG] generating theme.xml
[DEBUG] found drawable-notlong-port-mdpi splash screen at /home/jfreeman/IDEs/Titanium Studio Workspace/Granny/Resources/android/images/res-notlong-port-mdpi/default.png
[DEBUG] copying /home/jfreeman/IDEs/Titanium Studio Workspace/Granny/Resources/android/images/res-notlong-port-mdpi/default.png splash screen to /home/jfreeman/IDEs/Titanium Studio Workspace/Granny/build/android/res/drawable-notlong-port-mdpi/background.png
[DEBUG] found drawable-long-land-hdpi splash screen at /home/jfreeman/IDEs/Titanium Studio Workspace/Granny/Resources/android/images/res-long-land-hdpi/default.png
[DEBUG] copying /home/jfreeman/IDEs/Titanium Studio Workspace/Granny/Resources/android/images/res-long-land-hdpi/default.png splash screen to /home/jfreeman/IDEs/Titanium Studio Workspace/Granny/build/android/res/drawable-long-land-hdpi/background.png
[DEBUG] found drawable-long-port-ldpi splash screen at /home/jfreeman/IDEs/Titanium Studio Workspace/Granny/Resources/android/images/res-long-port-ldpi/default.png
[DEBUG] copying /home/jfreeman/IDEs/Titanium Studio Workspace/Granny/Resources/android/images/res-long-port-ldpi/default.png splash screen to /home/jfreeman/IDEs/Titanium Studio Workspace/Granny/build/android/res/drawable-long-port-ldpi/background.png
[DEBUG] found drawable-long-land-ldpi splash screen at /home/jfreeman/IDEs/Titanium Studio Workspace/Granny/Resources/android/images/res-long-land-ldpi/default.png
[DEBUG] copying /home/jfreeman/IDEs/Titanium Studio Workspace/Granny/Resources/android/images/res-long-land-ldpi/default.png splash screen to /home/jfreeman/IDEs/Titanium Studio Workspace/Granny/build/android/res/drawable-long-land-ldpi/background.png
[DEBUG] found drawable-notlong-land-ldpi splash screen at /home/jfreeman/IDEs/Titanium Studio Workspace/Granny/Resources/android/images/res-notlong-land-ldpi/default.png
[DEBUG] copying /home/jfreeman/IDEs/Titanium Studio Workspace/Granny/Resources/android/images/res-notlong-land-ldpi/default.png splash screen to /home/jfreeman/IDEs/Titanium Studio Workspace/Granny/build/android/res/drawable-notlong-land-ldpi/background.png
[DEBUG] found drawable-long-port-hdpi splash screen at /home/jfreeman/IDEs/Titanium Studio Workspace/Granny/Resources/android/images/res-long-port-hdpi/default.png
[DEBUG] copying /home/jfreeman/IDEs/Titanium Studio Workspace/Granny/Resources/android/images/res-long-port-hdpi/default.png splash screen to /home/jfreeman/IDEs/Titanium Studio Workspace/Granny/build/android/res/drawable-long-port-hdpi/background.png
[DEBUG] found drawable-notlong-port-ldpi splash screen at /home/jfreeman/IDEs/Titanium Studio Workspace/Granny/Resources/android/images/res-notlong-port-ldpi/default.png
[DEBUG] copying /home/jfreeman/IDEs/Titanium Studio Workspace/Granny/Resources/android/images/res-notlong-port-ldpi/default.png splash screen to /home/jfreeman/IDEs/Titanium Studio Workspace/Granny/build/android/res/drawable-notlong-port-ldpi/background.png
[DEBUG] found drawable-notlong-land-hdpi splash screen at /home/jfreeman/IDEs/Titanium Studio Workspace/Granny/Resources/android/images/res-notlong-land-hdpi/default.png
[DEBUG] copying /home/jfreeman/IDEs/Titanium Studio Workspace/Granny/Resources/android/images/res-notlong-land-hdpi/default.png splash screen to /home/jfreeman/IDEs/Titanium Studio Workspace/Granny/build/android/res/drawable-notlong-land-hdpi/background.png
[DEBUG] found drawable-notlong-land-mdpi splash screen at /home/jfreeman/IDEs/Titanium Studio Workspace/Granny/Resources/android/images/res-notlong-land-mdpi/default.png
[DEBUG] copying /home/jfreeman/IDEs/Titanium Studio Workspace/Granny/Resources/android/images/res-notlong-land-mdpi/default.png splash screen to /home/jfreeman/IDEs/Titanium Studio Workspace/Granny/build/android/res/drawable-notlong-land-mdpi/background.png
[DEBUG] found drawable-notlong-port-hdpi splash screen at /home/jfreeman/IDEs/Titanium Studio Workspace/Granny/Resources/android/images/res-notlong-port-hdpi/default.png
[DEBUG] copying /home/jfreeman/IDEs/Titanium Studio Workspace/Granny/Resources/android/images/res-notlong-port-hdpi/default.png splash screen to /home/jfreeman/IDEs/Titanium Studio Workspace/Granny/build/android/res/drawable-notlong-port-hdpi/background.png
[DEBUG] found splash screen at /home/jfreeman/IDEs/Titanium Studio Workspace/Granny/build/android/bin/assets/Resources/default.png
[TRACE] Writing out AndroidManifest.xml
[DEBUG] adding /home/jfreeman/IDEs/Titanium Studio Workspace/Granny/build/android/gen/com/bcm/granny/GrannyApplication.java to javac build list
[DEBUG] adding /home/jfreeman/IDEs/Titanium Studio Workspace/Granny/build/android/gen/com/bcm/granny/R.java to javac build list
[DEBUG] adding /home/jfreeman/IDEs/Titanium Studio Workspace/Granny/build/android/gen/com/bcm/granny/GrannyAppInfo.java to javac build list
[DEBUG] adding /home/jfreeman/IDEs/Titanium Studio Workspace/Granny/build/android/gen/com/bcm/granny/GrannyActivity.java to javac build list
[DEBUG] Building Java Sources: "/home/jfreeman/IDEs/Titanium Studio Workspace/Granny/build/android/gen/com/bcm/granny/GrannyApplication.java" "/home/jfreeman/IDEs/Titanium Studio Workspace/Granny/build/android/gen/com/bcm/granny/R.java" "/home/jfreeman/IDEs/Titanium Studio Workspace/Granny/build/android/gen/com/bcm/granny/GrannyAppInfo.java" "/home/jfreeman/IDEs/Titanium Studio Workspace/Granny/build/android/gen/com/bcm/granny/GrannyActivity.java"
[INFO] Compiling Android Resources... This could take some time
[DEBUG] Android classes.dex built
[DEBUG] creating unsigned apk: /home/jfreeman/IDEs/Titanium Studio Workspace/Granny/build/android/bin/app-unsigned.apk
[DEBUG] from resource zip => assets/Resources/sub/singleview.js
[DEBUG] from resource zip => assets/Resources/KS_nav_ui.png
[DEBUG] from resource zip => assets/Resources/KS_nav_views.png
[DEBUG] from resource zip => assets/Resources/app.js
[DEBUG] from resource zip => assets/Resources/appicon.png
[DEBUG] from resource zip => assets/Resources/constants.js
[DEBUG] from resource zip => assets/Resources/default.png
[DEBUG] from resource zip => assets/Resources/functions.js
[DEBUG] from resource zip => assets/app.json
[DEBUG] from resource zip => assets/index.json
[DEBUG] from resource zip => assets/tiapp.xml
[DEBUG] from resource zip => res/drawable/appicon.png
[DEBUG] from resource zip => res/drawable/background.png
[DEBUG] from resource zip => res/layout/titanium_tabgroup.xml
[DEBUG] from resource zip => AndroidManifest.xml
[DEBUG] from resource zip => resources.arsc
[DEBUG] from resource zip => res/drawable-long-land-hdpi/background.png
[DEBUG] from resource zip => res/drawable-long-land-ldpi/background.png
[DEBUG] from resource zip => res/drawable-long-port-hdpi/background.png
[DEBUG] from resource zip => res/drawable-long-port-ldpi/background.png
[DEBUG] from resource zip => res/drawable-notlong-land-hdpi/background.png
[DEBUG] from resource zip => res/drawable-notlong-land-ldpi/background.png
[DEBUG] from resource zip => res/drawable-notlong-land-mdpi/background.png
[DEBUG] from resource zip => res/drawable-notlong-port-hdpi/background.png
[DEBUG] from resource zip => res/drawable-notlong-port-ldpi/background.png
[DEBUG] from resource zip => res/drawable-notlong-port-mdpi/background.png
[DEBUG] from JAR /home/jfreeman/.titanium/mobilesdk/linux/1.8.0.1/android/titanium.jar => org/appcelerator/titanium/build.properties
[DEBUG] from JAR /home/jfreeman/.titanium/mobilesdk/linux/1.8.0.1/android/titanium.jar => org/appcelerator/titanium/res/drawable/background.png
[DEBUG] from JAR /home/jfreeman/.titanium/mobilesdk/linux/1.8.0.1/android/titanium.jar => org/appcelerator/titanium/res/drawable/btn_check_buttonless_on.png
[DEBUG] from JAR /home/jfreeman/.titanium/mobilesdk/linux/1.8.0.1/android/titanium.jar => org/appcelerator/titanium/res/drawable/btn_check_buttonless_on_18.png
[DEBUG] from JAR /home/jfreeman/.titanium/mobilesdk/linux/1.8.0.1/android/titanium.jar => org/appcelerator/titanium/res/drawable/btn_check_buttonless_on_48.png
[DEBUG] from JAR /home/jfreeman/.titanium/mobilesdk/linux/1.8.0.1/android/titanium.jar => org/appcelerator/titanium/res/drawable/btn_more.png
[DEBUG] from JAR /home/jfreeman/.titanium/mobilesdk/linux/1.8.0.1/android/titanium.jar => org/appcelerator/titanium/res/drawable/btn_more_18.png
[DEBUG] from JAR /home/jfreeman/.titanium/mobilesdk/linux/1.8.0.1/android/titanium.jar => org/appcelerator/titanium/res/drawable/btn_more_48.png
[DEBUG] from JAR /home/jfreeman/.titanium/mobilesdk/linux/1.8.0.1/android/titanium.jar => org/appcelerator/titanium/res/drawable/btn_picker_normal.9.png
[DEBUG] from JAR /home/jfreeman/.titanium/mobilesdk/linux/1.8.0.1/android/titanium.jar => org/appcelerator/titanium/res/drawable/btn_picker_pressed.9.png
[DEBUG] from JAR /home/jfreeman/.titanium/mobilesdk/linux/1.8.0.1/android/titanium.jar => org/appcelerator/titanium/res/drawable/btn_picker_selected.9.png
[DEBUG] from JAR /home/jfreeman/.titanium/mobilesdk/linux/1.8.0.1/android/titanium.jar => org/appcelerator/titanium/res/drawable/default_icon.png
[DEBUG] from JAR /home/jfreeman/.titanium/mobilesdk/linux/1.8.0.1/android/titanium.jar => org/appcelerator/titanium/res/drawable/photoDefault.png
[DEBUG] from JAR /home/jfreeman/.titanium/mobilesdk/linux/1.8.0.1/android/modules/titanium-ui.jar => ti/modules/titanium/ui/widget/webview/binding.js
[DEBUG] from JAR /home/jfreeman/.titanium/mobilesdk/linux/1.8.0.1/android/modules/titanium-ui.jar => ti/modules/titanium/ui/widget/webview/binding.min.js
[DEBUG] from JAR /home/jfreeman/.titanium/mobilesdk/linux/1.8.0.1/android/modules/titanium-ui.jar => ti/modules/titanium/ui/widget/webview/json2.js
[DEBUG] Waiting for device to be ready ...
[TRACE] adb devices returned 1 devices/emulators
[DEBUG] Device connected... (waited 0 seconds)
[DEBUG] waited 0.007857 seconds on emulator to get ready
[INFO] Installing application on emulator
[INFO] Application installed. Launch from drawer on Home Screen
